<?xml version="1.0" encoding="UTF-8"?>
<!-- Generated by org.testng.reporters.JUnitXMLReporter -->
<testsuite hostname="BDC6-DX-HRVWFD2" ignored="0" name="Test3" tests="3" failures="3" timestamp="15 Nov 2018 12:42:17 GMT" time="0.027" errors="0">
  <testcase name="@AfterClass afterClass" time="0.0" classname="testdemowebshop_design.demowebshop">
    <failure type="java.lang.NullPointerException">
      <![CDATA[java.lang.NullPointerException
at testdemowebshop_design.demowebshop.afterClass(demowebshop.java:62)
... Removed 26 stack frames]]>
    </failure>
  </testcase> <!-- @AfterClass afterClass -->
  <testcase name="testwelcome" time="0.001" classname="testdemowebshop_design.demowebshop">
    <failure type="java.lang.NullPointerException">
      <![CDATA[java.lang.NullPointerException
at pages.welcomepage.sendurl(welcomepage.java:31)
at testdemowebshop_design.demowebshop.testwelcome(demowebshop.java:24)
... Removed 25 stack frames]]>
    </failure>
  </testcase> <!-- testwelcome -->
  <testcase name="testregister" time="0.002" classname="testdemowebshop_design.demowebshop">
    <failure type="java.lang.NullPointerException">
      <![CDATA[java.lang.NullPointerException
at org.openqa.selenium.support.pagefactory.DefaultElementLocator.findElement(DefaultElementLocator.java:69)
at org.openqa.selenium.support.pagefactory.internal.LocatingElementHandler.invoke(LocatingElementHandler.java:38)
at com.sun.proxy.$Proxy10.click(Unknown Source)
at pages.registerpage.sendregister(registerpage.java:36)
at testdemowebshop_design.demowebshop.testregister(demowebshop.java:41)
... Removed 25 stack frames]]>
    </failure>
  </testcase> <!-- testregister -->
  <testcase name="testlogin" time="0.001" classname="testdemowebshop_design.demowebshop">
    <failure type="java.lang.NullPointerException">
      <![CDATA[java.lang.NullPointerException
at org.openqa.selenium.support.pagefactory.DefaultElementLocator.findElement(DefaultElementLocator.java:69)
at org.openqa.selenium.support.pagefactory.internal.LocatingElementHandler.invoke(LocatingElementHandler.java:38)
at com.sun.proxy.$Proxy10.click(Unknown Source)
at pages.welcomepage.clicklogin(welcomepage.java:26)
at testdemowebshop_design.demowebshop.testlogin(demowebshop.java:33)
... Removed 25 stack frames]]>
    </failure>
  </testcase> <!-- testlogin -->
</testsuite> <!-- Test3 -->
