<?xml version="1.0" encoding="UTF-8"?>
<!-- Generated by org.testng.reporters.JUnitXMLReporter -->
<testsuite hostname="BDC6-DX-HRVWFD2" ignored="3" name="Test" tests="1" failures="0" timestamp="14 Nov 2018 04:50:08 GMT" time="0.055" errors="0">
  <testcase name="test3" time="0.016" classname="testNG.testgroup"/>
  <testcase name="test1" time="0.0" classname="testNG.testgroup">
    <ignored/>
  </testcase> <!-- test1 -->
  <testcase name="test4" time="0.0" classname="testNG.testgroup">
    <ignored/>
  </testcase> <!-- test4 -->
  <testcase name="test2" time="0.0" classname="testNG.testgroup">
    <ignored/>
  </testcase> <!-- test2 -->
</testsuite> <!-- Test -->
