<?xml version="1.0" encoding="UTF-8"?>
<testng-results skipped="0" failed="0" ignored="0" total="3" passed="3">
  <reporter-output>
  </reporter-output>
  <suite name="Default suite" duration-ms="22891" started-at="2018-11-15T12:52:17Z" finished-at="2018-11-15T12:52:40Z">
    <groups>
    </groups>
    <test name="Default test" duration-ms="22891" started-at="2018-11-15T12:52:17Z" finished-at="2018-11-15T12:52:40Z">
      <class name="testdemowebshop_design.demowebshop">
        <test-method status="PASS" signature="beforeClass()[pri:0, instance:testdemowebshop_design.demowebshop@5034c75a]" name="beforeClass" is-config="true" duration-ms="8453" started-at="2018-11-15T12:52:17Z" finished-at="2018-11-15T12:52:26Z">
          <reporter-output>
          </reporter-output>
        </test-method> <!-- beforeClass -->
        <test-method status="PASS" signature="testwelcome()[pri:1, instance:testdemowebshop_design.demowebshop@5034c75a]" name="testwelcome" duration-ms="6887" started-at="2018-11-15T12:52:26Z" finished-at="2018-11-15T12:52:33Z">
          <reporter-output>
          </reporter-output>
        </test-method> <!-- testwelcome -->
        <test-method status="PASS" signature="testregister()[pri:2, instance:testdemowebshop_design.demowebshop@5034c75a]" name="testregister" duration-ms="3320" started-at="2018-11-15T12:52:33Z" finished-at="2018-11-15T12:52:36Z">
          <reporter-output>
          </reporter-output>
        </test-method> <!-- testregister -->
        <test-method status="PASS" signature="testlogin()[pri:3, instance:testdemowebshop_design.demowebshop@5034c75a]" name="testlogin" duration-ms="1964" started-at="2018-11-15T12:52:36Z" finished-at="2018-11-15T12:52:38Z">
          <reporter-output>
          </reporter-output>
        </test-method> <!-- testlogin -->
        <test-method status="PASS" signature="afterClass()[pri:0, instance:testdemowebshop_design.demowebshop@5034c75a]" name="afterClass" is-config="true" duration-ms="2226" started-at="2018-11-15T12:52:38Z" finished-at="2018-11-15T12:52:40Z">
          <reporter-output>
          </reporter-output>
        </test-method> <!-- afterClass -->
      </class> <!-- testdemowebshop_design.demowebshop -->
    </test> <!-- Default test -->
  </suite> <!-- Default suite -->
</testng-results>
