<?xml version="1.0" encoding="UTF-8"?>
<!-- Generated by org.testng.reporters.JUnitXMLReporter -->
<testsuite hostname="BDC6-DX-HRVWFD2" ignored="0" name="Default test" tests="3" failures="0" timestamp="15 Nov 2018 12:52:40 GMT" time="22.891" errors="0">
  <testcase name="testwelcome" time="6.887" classname="testdemowebshop_design.demowebshop"/>
  <testcase name="testregister" time="3.32" classname="testdemowebshop_design.demowebshop"/>
  <testcase name="testlogin" time="1.964" classname="testdemowebshop_design.demowebshop"/>
</testsuite> <!-- Default test -->
